<?xml version="1.0" encoding="UTF-8"?>
<!-- Generated by org.testng.reporters.JUnitReportReporter -->
<testsuite hostname="SD-LP-W10-3058" failures="0" tests="3" name="UserAPITests" time="4.781" errors="0" timestamp="2022-04-19T22:11:12 IDT" skipped="0">
  <testcase classname="UserAPITests" name="Get_Data_For_User_By_ID" time="0.333"/>
  <system-out/>
  <testcase classname="UserAPITests" name="Get_Data_For_Non_Existing_User" time="1.497"/>
  <system-out/>
  <testcase classname="UserAPITests" name="Create_User" time="2.951"/>
  <system-out/>
</testsuite> <!-- UserAPITests -->
